Performing C SOURCE FILE Test CMAKE_HAVE_LIBC_PTHREAD failed with the following output:
Change Dir: /usr/jojo/CLionProjects/jojo_webserver/cmake-build-debug/CMakeFiles/CMakeTmp

Run Build Command(s):/usr/bin/make cmTC_76046/fast && make[1]: 进入目录“/usr/jojo/CLionProjects/jojo_webserver/cmake-build-debug/CMakeFiles/CMakeTmp”
/usr/bin/make -f CMakeFiles/cmTC_76046.dir/build.make CMakeFiles/cmTC_76046.dir/build
make[2]: 进入目录“/usr/jojo/CLionProjects/jojo_webserver/cmake-build-debug/CMakeFiles/CMakeTmp”
Building C object CMakeFiles/cmTC_76046.dir/src.c.o
/usr/bin/cc   -DCMAKE_HAVE_LIBC_PTHREAD   -o CMakeFiles/cmTC_76046.dir/src.c.o   -c /usr/jojo/CLionProjects/jojo_webserver/cmake-build-debug/CMakeFiles/CMakeTmp/src.c
Linking C executable cmTC_76046
/opt/clion/bin/cmake/linux/bin/cmake -E cmake_link_script CMakeFiles/cmTC_76046.dir/link.txt --verbose=1
/usr/bin/cc  -DCMAKE_HAVE_LIBC_PTHREAD    CMakeFiles/cmTC_76046.dir/src.c.o  -o cmTC_76046 
/usr/bin/ld: CMakeFiles/cmTC_76046.dir/src.c.o: in function `main':
src.c:(.text+0x3e): undefined reference to `pthread_create'
/usr/bin/ld: src.c:(.text+0x4a): undefined reference to `pthread_detach'
/usr/bin/ld: src.c:(.text+0x5b): undefined reference to `pthread_join'
collect2: 错误：ld 返回 1
make[2]: *** [CMakeFiles/cmTC_76046.dir/build.make:87：cmTC_76046] 错误 1
make[2]: 离开目录“/usr/jojo/CLionProjects/jojo_webserver/cmake-build-debug/CMakeFiles/CMakeTmp”
make[1]: *** [Makefile:121：cmTC_76046/fast] 错误 2
make[1]: 离开目录“/usr/jojo/CLionProjects/jojo_webserver/cmake-build-debug/CMakeFiles/CMakeTmp”


Source file was:
#include <pthread.h>

void* test_func(void* data)
{
  return data;
}

int main(void)
{
  pthread_t thread;
  pthread_create(&thread, NULL, test_func, NULL);
  pthread_detach(thread);
  pthread_join(thread, NULL);
  pthread_atfork(NULL, NULL, NULL);
  pthread_exit(NULL);

  return 0;
}

Determining if the function pthread_create exists in the pthreads failed with the following output:
Change Dir: /usr/jojo/CLionProjects/jojo_webserver/cmake-build-debug/CMakeFiles/CMakeTmp

Run Build Command(s):/usr/bin/make cmTC_f1922/fast && make[1]: 进入目录“/usr/jojo/CLionProjects/jojo_webserver/cmake-build-debug/CMakeFiles/CMakeTmp”
/usr/bin/make -f CMakeFiles/cmTC_f1922.dir/build.make CMakeFiles/cmTC_f1922.dir/build
make[2]: 进入目录“/usr/jojo/CLionProjects/jojo_webserver/cmake-build-debug/CMakeFiles/CMakeTmp”
Building C object CMakeFiles/cmTC_f1922.dir/CheckFunctionExists.c.o
/usr/bin/cc   -DCHECK_FUNCTION_EXISTS=pthread_create   -o CMakeFiles/cmTC_f1922.dir/CheckFunctionExists.c.o   -c /opt/clion/bin/cmake/linux/share/cmake-3.15/Modules/CheckFunctionExists.c
Linking C executable cmTC_f1922
/opt/clion/bin/cmake/linux/bin/cmake -E cmake_link_script CMakeFiles/cmTC_f1922.dir/link.txt --verbose=1
/usr/bin/cc  -DCHECK_FUNCTION_EXISTS=pthread_create    CMakeFiles/cmTC_f1922.dir/CheckFunctionExists.c.o  -o cmTC_f1922 -lpthreads 
/usr/bin/ld: 找不到 -lpthreads
collect2: 错误：ld 返回 1
make[2]: *** [CMakeFiles/cmTC_f1922.dir/build.make:87：cmTC_f1922] 错误 1
make[2]: 离开目录“/usr/jojo/CLionProjects/jojo_webserver/cmake-build-debug/CMakeFiles/CMakeTmp”
make[1]: *** [Makefile:121：cmTC_f1922/fast] 错误 2
make[1]: 离开目录“/usr/jojo/CLionProjects/jojo_webserver/cmake-build-debug/CMakeFiles/CMakeTmp”



